\BOOKMARK [0][-]{chapter.1}{\376\377\000B\000i\000g\000\040\000D\000a\000t\000a\000\040\000P\000r\000o\000c\000e\000s\000s\000i\000n\000g}{}% 1
\BOOKMARK [1][-]{section.1.1}{\376\377\000I\000n\000l\000e\000i\000d\000i\000n\000g}{chapter.1}% 2
\BOOKMARK [2][-]{subsection.1.1.1}{\376\377\000B\000r\000e\000e\000d\000\040\000b\000e\000e\000l\000d}{section.1.1}% 3
\BOOKMARK [2][-]{subsection.1.1.2}{\376\377\000D\000e\000\040\000n\000o\000o\000d\000\040\000a\000a\000n\000\040\000s\000c\000h\000a\000a\000l\000b\000a\000a\000r\000h\000e\000i\000d}{section.1.1}% 4
\BOOKMARK [2][-]{subsection.1.1.3}{\376\377\000K\000e\000n\000m\000e\000r\000k\000e\000n}{section.1.1}% 5
\BOOKMARK [1][-]{section.1.2}{\376\377\000S\000o\000o\000r\000t\000e\000n\000\040\000s\000y\000s\000t\000e\000m\000e\000n}{chapter.1}% 6
\BOOKMARK [2][-]{subsection.1.2.1}{\376\377\000C\000A\000P\000-\000t\000h\000e\000o\000r\000e\000m}{section.1.2}% 7
\BOOKMARK [2][-]{subsection.1.2.2}{\376\377\000S\000t\000r\000u\000i\000k\000e\000l\000b\000l\000o\000k\000k\000e\000n}{section.1.2}% 8
\BOOKMARK [2][-]{subsection.1.2.3}{\376\377\000F\000a\000b\000e\000l\000s\000\040\000o\000v\000e\000r\000\040\000g\000e\000d\000i\000s\000t\000r\000i\000b\000u\000e\000e\000r\000d\000e\000\040\000s\000y\000s\000t\000e\000m\000e\000n}{section.1.2}% 9
\BOOKMARK [1][-]{section.1.3}{\376\377\000P\000r\000o\000b\000l\000e\000m\000e\000n\000\040\000m\000e\000t\000\040\000g\000e\000d\000i\000s\000t\000r\000i\000b\000u\000e\000e\000r\000d\000e\000\040\000n\000e\000t\000w\000e\000r\000k\000e\000n}{chapter.1}% 10
\BOOKMARK [2][-]{subsection.1.3.1}{\376\377\000P\000a\000r\000t\000i\000a\000l\000\040\000F\000a\000i\000l\000u\000r\000e}{section.1.3}% 11
\BOOKMARK [2][-]{subsection.1.3.2}{\376\377\000N\000i\000e\000t\000-\000b\000e\000t\000r\000o\000u\000w\000b\000a\000r\000e\000\040\000n\000e\000t\000w\000e\000r\000k\000e\000n}{section.1.3}% 12
\BOOKMARK [2][-]{subsection.1.3.3}{\376\377\000N\000i\000e\000t\000-\000b\000e\000t\000r\000o\000u\000w\000b\000a\000r\000e\000\040\000t\000i\000j\000d\000s\000i\000n\000d\000i\000c\000a\000t\000i\000e\000s}{section.1.3}% 13
\BOOKMARK [2][-]{subsection.1.3.4}{\376\377\000O\000n\000d\000e\000r\000l\000i\000n\000g\000e\000\040\000o\000n\000z\000e\000k\000e\000r\000h\000e\000i\000d}{section.1.3}% 14
\BOOKMARK [1][-]{section.1.4}{\376\377\000R\000e\000p\000l\000i\000c\000a\000t\000i\000o\000n\000\040\000e\000n\000\040\000p\000a\000r\000t\000i\000t\000i\000o\000n\000i\000n\000g}{chapter.1}% 15
\BOOKMARK [2][-]{subsection.1.4.1}{\376\377\000P\000a\000r\000t\000i\000t\000i\000o\000n\000e\000r\000i\000n\000g}{section.1.4}% 16
\BOOKMARK [2][-]{subsection.1.4.2}{\376\377\000R\000e\000p\000l\000i\000c\000a\000t\000i\000o\000n}{section.1.4}% 17
\BOOKMARK [2][-]{subsection.1.4.3}{\376\377\000R\000e\000p\000l\000i\000c\000a\000t\000i\000e\000\040\000e\000n\000\040\000p\000a\000r\000t\000i\000t\000i\000o\000n\000e\000r\000i\000n\000g\000\040\000c\000o\000m\000b\000i\000n\000e\000r\000e\000n}{section.1.4}% 18
\BOOKMARK [1][-]{section.1.5}{\376\377\000R\000e\000q\000u\000e\000s\000t\000\040\000r\000o\000u\000t\000i\000n\000g}{chapter.1}% 19
\BOOKMARK [0][-]{chapter.2}{\376\377\000H\000a\000d\000o\000o\000p\000\040\000F\000i\000l\000e\000s\000y\000s\000t\000e\000m}{}% 20
\BOOKMARK [1][-]{section.2.1}{\376\377\000I\000n\000l\000e\000i\000d\000i\000n\000g}{chapter.2}% 21
\BOOKMARK [2][-]{subsection.2.1.1}{\376\377\000H\000a\000d\000o\000o\000p\000\040\000s\000t\000a\000c\000k}{section.2.1}% 22
\BOOKMARK [1][-]{section.2.2}{\376\377\000H\000a\000d\000o\000o\000p\000\040\000f\000i\000l\000e\000s\000y\000s\000t\000e\000m}{chapter.2}% 23
\BOOKMARK [1][-]{section.2.3}{\376\377\000H\000a\000d\000o\000o\000p\000-\000o\000n\000d\000e\000r\000d\000e\000l\000e\000n}{chapter.2}% 24
\BOOKMARK [2][-]{subsection.2.3.1}{\376\377\000N\000a\000m\000e\000N\000o\000d\000e}{section.2.3}% 25
\BOOKMARK [2][-]{subsection.2.3.2}{\376\377\000D\000a\000t\000a\000N\000o\000d\000e}{section.2.3}% 26
\BOOKMARK [1][-]{section.2.4}{\376\377\000S\000i\000n\000g\000l\000e\000-\000p\000o\000i\000n\000t\000-\000o\000f\000-\000f\000a\000i\000l\000u\000r\000e}{chapter.2}% 27
\BOOKMARK [2][-]{subsection.2.4.1}{\376\377\000B\000e\000s\000c\000h\000e\000r\000m\000i\000n\000g\000\040\000N\000a\000m\000e\000N\000o\000d\000e}{section.2.4}% 28
\BOOKMARK [1][-]{section.2.5}{\376\377\000H\000D\000F\000S\000\040\000B\000l\000o\000k\000k\000e\000n}{chapter.2}% 29
\BOOKMARK [1][-]{section.2.6}{\376\377\000A\000n\000a\000t\000o\000m\000y}{chapter.2}% 30
\BOOKMARK [2][-]{subsection.2.6.1}{\376\377\000A\000n\000a\000t\000o\000m\000y\000\040\000o\000f\000\040\000a\000\040\000F\000i\000l\000e\000\040\000R\000e\000a\000d}{section.2.6}% 31
\BOOKMARK [2][-]{subsection.2.6.2}{\376\377\000A\000n\000a\000t\000o\000m\000y\000\040\000o\000f\000\040\000a\000\040\000F\000i\000l\000e\000\040\000W\000r\000i\000t\000e}{section.2.6}% 32
\BOOKMARK [1][-]{section.2.7}{\376\377\000C\000o\000m\000m\000a\000n\000d\000-\000L\000i\000n\000e}{chapter.2}% 33
\BOOKMARK [1][-]{section.2.8}{\376\377\000M\000a\000p\000R\000e\000d\000u\000c\000e}{chapter.2}% 34
\BOOKMARK [2][-]{subsection.2.8.1}{\376\377\000D\000a\000t\000a\000\040\000F\000l\000o\000w}{section.2.8}% 35
\BOOKMARK [2][-]{subsection.2.8.2}{\376\377\000M\000a\000p\000p\000i\000n\000g}{section.2.8}% 36
\BOOKMARK [2][-]{subsection.2.8.3}{\376\377\000S\000h\000u\000f\000f\000l\000i\000n\000g}{section.2.8}% 37
\BOOKMARK [2][-]{subsection.2.8.4}{\376\377\000R\000e\000d\000u\000c\000e}{section.2.8}% 38
\BOOKMARK [1][-]{section.2.9}{\376\377\000J\000a\000v\000a\000\040\000M\000a\000p\000R\000e\000d\000u\000c\000e}{chapter.2}% 39
\BOOKMARK [2][-]{subsection.2.9.1}{\376\377\000M\000a\000p\000p\000e\000r\000-\000k\000l\000a\000s\000s\000e}{section.2.9}% 40
\BOOKMARK [2][-]{subsection.2.9.2}{\376\377\000R\000e\000d\000u\000c\000e\000-\000k\000l\000a\000s\000s\000e}{section.2.9}% 41
\BOOKMARK [2][-]{subsection.2.9.3}{\376\377\000M\000a\000i\000n\000-\000m\000e\000t\000h\000o\000d\000e}{section.2.9}% 42
\BOOKMARK [2][-]{subsection.2.9.4}{\376\377\000D\000e\000v\000e\000l\000o\000p\000m\000e\000n\000t\000\040\000E\000n\000v\000i\000r\000o\000n\000m\000e\000n\000t}{section.2.9}% 43
\BOOKMARK [1][-]{section.2.10}{\376\377\000Y\000A\000R\000N}{chapter.2}% 44
\BOOKMARK [2][-]{subsection.2.10.1}{\376\377\000A\000l\000g\000e\000m\000e\000e\000n}{section.2.10}% 45
\BOOKMARK [2][-]{subsection.2.10.2}{\376\377\000C\000o\000r\000e\000\040\000S\000e\000r\000v\000i\000c\000e\000s}{section.2.10}% 46
\BOOKMARK [2][-]{subsection.2.10.3}{\376\377\000Y\000A\000R\000N\000\040\000A\000p\000p\000l\000i\000c\000a\000t\000i\000o\000n\000\040\000r\000u\000n}{section.2.10}% 47
\BOOKMARK [2][-]{subsection.2.10.4}{\376\377\000R\000e\000s\000o\000u\000r\000c\000e\000\040\000r\000e\000q\000u\000e\000s\000t\000s}{section.2.10}% 48
\BOOKMARK [2][-]{subsection.2.10.5}{\376\377\000S\000c\000h\000e\000d\000u\000l\000i\000n\000g}{section.2.10}% 49
\BOOKMARK [1][-]{section.2.11}{\376\377\000M\000a\000p\000R\000e\000d\000u\000c\000e\000-\000o\000e\000f\000e\000n\000i\000n\000g}{chapter.2}% 50
\BOOKMARK [0][-]{chapter.3}{\376\377\000K\000a\000f\000k\000a}{}% 51
\BOOKMARK [1][-]{section.3.1}{\376\377\000C\000o\000n\000c\000e\000p\000t\000e\000n\000\040\000v\000a\000n\000\040\000K\000a\000f\000k\000a}{chapter.3}% 52
\BOOKMARK [1][-]{section.3.2}{\376\377\000R\000o\000l\000l\000e\000n}{chapter.3}% 53
\BOOKMARK [2][-]{subsection.3.2.1}{\376\377\000B\000r\000o\000k\000e\000r}{section.3.2}% 54
\BOOKMARK [2][-]{subsection.3.2.2}{\376\377\000D\000a\000t\000a\000\040\000s\000y\000n\000c\000h\000r\000o\000o\000n\000\040\000h\000o\000u\000d\000e\000n\000\040\000m\000e\000t\000\040\000e\000e\000n\000\040\000p\000a\000r\000t\000i\000t\000i\000o\000n\000\040\000l\000e\000a\000d\000e\000r}{section.3.2}% 55
\BOOKMARK [2][-]{subsection.3.2.3}{\376\377\000P\000r\000o\000d\000u\000c\000e\000r}{section.3.2}% 56
\BOOKMARK [2][-]{subsection.3.2.4}{\376\377\000C\000o\000n\000s\000u\000m\000e\000r}{section.3.2}% 57
\BOOKMARK [2][-]{subsection.3.2.5}{\376\377\000D\000e\000l\000i\000v\000e\000r\000y\000\040\000S\000e\000m\000a\000n\000t\000i\000c\000s}{section.3.2}% 58
\BOOKMARK [2][-]{subsection.3.2.6}{\376\377\000Z\000o\000o\000k\000e\000e\000p\000e\000r}{section.3.2}% 59
\BOOKMARK [1][-]{section.3.3}{\376\377\000L\000a\000b\000o}{chapter.3}% 60
\BOOKMARK [2][-]{subsection.3.3.1}{\376\377\000P\000r\000o\000d\000u\000c\000e\000r}{section.3.3}% 61
\BOOKMARK [2][-]{subsection.3.3.2}{\376\377\000C\000o\000n\000s\000u\000m\000e\000r}{section.3.3}% 62
\BOOKMARK [0][-]{chapter.4}{\376\377\000K\000a\000f\000k\000a\000\040\000J\000a\000v\000a\000\040\000P\000r\000o\000g\000r\000a\000m\000m\000i\000n\000g}{}% 63
\BOOKMARK [1][-]{section.4.1}{\376\377\000P\000r\000o\000d\000u\000c\000e\000r}{chapter.4}% 64
\BOOKMARK [2][-]{subsection.4.1.1}{\376\377\000E\000e\000n\000\040\000K\000a\000f\000k\000a\000\040\000P\000r\000o\000d\000u\000c\000e\000r\000\040\000o\000n\000t\000w\000i\000k\000k\000e\000l\000e\000n}{section.4.1}% 65
\BOOKMARK [2][-]{subsection.4.1.2}{\376\377\000P\000r\000o\000d\000u\000c\000e\000r\000\040\000I\000n\000t\000e\000r\000n\000a\000l\000s}{section.4.1}% 66
\BOOKMARK [1][-]{section.4.2}{\376\377\000J\000a\000v\000a\000\040\000C\000o\000n\000s\000u\000m\000e\000r}{chapter.4}% 67
\BOOKMARK [2][-]{subsection.4.2.1}{\376\377\000E\000e\000n\000\040\000J\000a\000v\000a\000\040\000C\000o\000n\000s\000u\000m\000e\000r\000\040\000o\000n\000t\000w\000i\000k\000k\000e\000l\000e\000n}{section.4.2}% 68
\BOOKMARK [1][-]{section.4.3}{\376\377\000J\000a\000v\000a\000\040\000T\000h\000r\000e\000a\000d\000s}{chapter.4}% 69
\BOOKMARK [1][-]{section.4.4}{\376\377\000C\000o\000m\000m\000i\000t\000s\000\040\000e\000n\000\040\000o\000f\000f\000s\000e\000t\000s}{chapter.4}% 70
\BOOKMARK [2][-]{subsection.4.4.1}{\376\377\000V\000e\000r\000l\000o\000r\000e\000n\000\040\000b\000e\000r\000i\000c\000h\000t\000e\000n\000\040\000e\000n\000\040\000d\000u\000b\000b\000e\000l\000s}{section.4.4}% 71
\BOOKMARK [2][-]{subsection.4.4.2}{\376\377\000A\000P\000I\000'\000s\000\040\000o\000m\000\040\000d\000e\000\040\000o\000f\000f\000s\000e\000t\000\040\000t\000e\000\040\000c\000o\000m\000m\000i\000t\000t\000e\000n}{section.4.4}% 72
\BOOKMARK [1][-]{section.4.5}{\376\377\000A\000p\000a\000c\000h\000e\000\040\000A\000v\000r\000o}{chapter.4}% 73
\BOOKMARK [2][-]{subsection.4.5.1}{\376\377\000A\000v\000r\000o}{section.4.5}% 74
\BOOKMARK [2][-]{subsection.4.5.2}{\376\377\000E\000e\000n\000\040\000k\000l\000a\000s\000s\000e\000\040\000a\000a\000n\000m\000a\000k\000e\000n\000\040\000m\000e\000t\000\040\000A\000v\000r\000o}{section.4.5}% 75
\BOOKMARK [2][-]{subsection.4.5.3}{\376\377\000D\000e\000\040\000k\000l\000a\000s\000s\000e\000\040\000s\000e\000r\000i\000a\000l\000i\000z\000e\000r\000e\000n}{section.4.5}% 76
\BOOKMARK [2][-]{subsection.4.5.4}{\376\377\000E\000e\000n\000\040\000k\000l\000a\000s\000s\000e\000\040\000d\000e\000s\000e\000r\000i\000a\000l\000i\000z\000e\000r\000e\000n\000.}{section.4.5}% 77
\BOOKMARK [2][-]{subsection.4.5.5}{\376\377\000E\000e\000n\000\040\000k\000l\000a\000s\000s\000e\000\040\000d\000e\000s\000e\000r\000i\000a\000l\000i\000z\000e\000r\000e\000n\000\040\000z\000o\000n\000d\000e\000r\000\040\000h\000e\000t\000\040\000a\000a\000n\000g\000e\000m\000a\000a\000k\000t\000e\000\040\000U\000s\000e\000r\000-\000o\000b\000j\000e\000c\000t}{section.4.5}% 78
\BOOKMARK [1][-]{section.4.6}{\376\377\000H\000e\000t\000\040\000s\000c\000h\000e\000m\000a\000-\000r\000e\000g\000i\000s\000t\000e\000r}{chapter.4}% 79
\BOOKMARK [2][-]{subsection.4.6.1}{\376\377\000W\000e\000r\000k\000i\000n\000g\000\040\000v\000a\000n\000\040\000e\000e\000n\000\040\000s\000c\000h\000e\000m\000a\000-\000r\000e\000g\000i\000s\000t\000e\000r}{section.4.6}% 80
\BOOKMARK [2][-]{subsection.4.6.2}{\376\377\000K\000a\000f\000k\000a\000-\000p\000r\000o\000d\000u\000c\000e\000r\000\040\000m\000e\000t\000\040\000A\000v\000r\000o}{section.4.6}% 81
\BOOKMARK [2][-]{subsection.4.6.3}{\376\377\000K\000a\000f\000k\000a\000\040\000C\000o\000n\000s\000u\000m\000e\000r\000\040\000m\000e\000t\000\040\000A\000v\000r\000o}{section.4.6}% 82
\BOOKMARK [1][-]{section.4.7}{\376\377\000V\000o\000o\000r\000b\000e\000e\000l\000d\000e\000n}{chapter.4}% 83
\BOOKMARK [2][-]{subsection.4.7.1}{\376\377\000C\000o\000n\000s\000u\000m\000e\000r\000O\000f\000f\000s\000e\000t\000E\000x\000a\000m\000p\000l\000e\0001}{section.4.7}% 84
\BOOKMARK [2][-]{subsection.4.7.2}{\376\377\000C\000o\000n\000s\000u\000m\000e\000r\000O\000f\000f\000s\000e\000t\000E\000x\000a\000m\000p\000l\000e\0002}{section.4.7}% 85
\BOOKMARK [2][-]{subsection.4.7.3}{\376\377\000C\000o\000n\000s\000u\000m\000e\000r\000O\000f\000f\000s\000e\000t\000E\000x\000a\000m\000p\000l\000e\0003}{section.4.7}% 86
\BOOKMARK [1][-]{section.4.8}{\376\377\000O\000e\000f\000e\000n\000i\000n\000g\000e\000n}{chapter.4}% 87
\BOOKMARK [2][-]{subsection.4.8.1}{\376\377\000K\000a\000f\000k\000a\000P\000r\000o\000d\000u\000c\000e\000r\000\040\000a\000a\000n\000m\000a\000k\000e\000n}{section.4.8}% 88
\BOOKMARK [2][-]{subsection.4.8.2}{\376\377\000C\000o\000n\000s\000u\000m\000e\000r\000\040\000/\000\040\000P\000r\000o\000d\000u\000c\000e\000r}{section.4.8}% 89
\BOOKMARK [0][-]{chapter.5}{\376\377\000S\000p\000a\000r\000k}{}% 90
\BOOKMARK [1][-]{section.5.1}{\376\377\000S\000p\000a\000r\000k\000\040\000A\000p\000p\000l\000i\000c\000a\000t\000i\000o\000n\000\040\000A\000r\000c\000h\000i\000t\000e\000c\000t\000u\000r\000e}{chapter.5}% 91
\BOOKMARK [1][-]{section.5.2}{\376\377\000S\000p\000a\000r\000k\000\040\000i\000n\000\040\000J\000a\000v\000a}{chapter.5}% 92
\BOOKMARK [2][-]{subsection.5.2.1}{\376\377\000D\000a\000t\000a\000f\000r\000a\000m\000e}{section.5.2}% 93
\BOOKMARK [2][-]{subsection.5.2.2}{\376\377\000T\000r\000a\000n\000s\000f\000o\000r\000m\000a\000t\000i\000e\000s}{section.5.2}% 94
\BOOKMARK [2][-]{subsection.5.2.3}{\376\377\000A\000c\000t\000i\000e\000s}{section.5.2}% 95
\BOOKMARK [2][-]{subsection.5.2.4}{\376\377\000P\000h\000y\000s\000i\000c\000a\000l\000\040\000p\000l\000a\000n}{section.5.2}% 96
\BOOKMARK [1][-]{section.5.3}{\376\377\000S\000p\000a\000r\000k\000\040\000L\000i\000b\000r\000a\000r\000i\000e\000s}{chapter.5}% 97
\BOOKMARK [2][-]{subsection.5.3.1}{\376\377\000I\000n\000t\000e\000g\000r\000a\000t\000i\000e\000\040\000m\000e\000t\000\040\000o\000p\000s\000l\000a\000g\000s\000y\000s\000t\000e\000m\000e\000n}{section.5.3}% 98
\BOOKMARK [2][-]{subsection.5.3.2}{\376\377\000R\000e\000s\000i\000l\000i\000e\000n\000t\000\040\000D\000i\000s\000t\000r\000i\000b\000u\000t\000e\000d\000\040\000D\000a\000t\000a\000s\000e\000t}{section.5.3}% 99
\BOOKMARK [1][-]{section.5.4}{\376\377\000S\000p\000a\000r\000k\000-\000a\000p\000p\000l\000i\000c\000a\000t\000i\000e\000s\000\040\000s\000c\000h\000r\000i\000j\000v\000e\000n}{chapter.5}% 100
\BOOKMARK [2][-]{subsection.5.4.1}{\376\377\000E\000e\000n\000\040\000d\000a\000t\000a\000f\000r\000a\000m\000e\000\040\000m\000e\000t\000\040\000n\000i\000e\000u\000w\000e\000\040\000w\000a\000a\000r\000d\000e\000n\000\040\000a\000a\000n\000m\000a\000k\000e\000n\000.}{section.5.4}% 101
\BOOKMARK [2][-]{subsection.5.4.2}{\376\377\000E\000e\000n\000\040\000b\000e\000s\000t\000a\000a\000n\000d\000e\000\040\000d\000a\000t\000a\000f\000r\000a\000m\000e\000\040\000l\000e\000z\000e\000n}{section.5.4}% 102
\BOOKMARK [2][-]{subsection.5.4.3}{\376\377\000E\000e\000n\000\040\000d\000a\000t\000a\000f\000r\000a\000m\000e\000\040\000u\000i\000t\000s\000c\000h\000r\000i\000j\000v\000e\000n\000\040\000n\000a\000a\000r\000\040\000e\000e\000n\000\040\000n\000i\000e\000u\000w\000\040\000b\000e\000s\000t\000a\000n\000d\000.}{section.5.4}% 103
\BOOKMARK [1][-]{section.5.5}{\376\377\000D\000a\000t\000a\000f\000r\000a\000m\000e\000-\000k\000o\000l\000o\000m\000m\000e\000n\000\040\000i\000n\000l\000e\000z\000e\000n\000,\000\040\000t\000o\000e\000v\000o\000e\000g\000e\000n\000\040\000e\000n\000\040\000v\000e\000r\000w\000i\000j\000d\000e\000r\000e\000n\000.}{chapter.5}% 104
\BOOKMARK [2][-]{subsection.5.5.1}{\376\377\000D\000a\000t\000a\000f\000r\000a\000m\000e\000s\000\040\000f\000i\000l\000t\000e\000r\000e\000n}{section.5.5}% 105
\BOOKMARK [2][-]{subsection.5.5.2}{\376\377\000A\000g\000g\000r\000e\000g\000a\000t\000i\000e\000s\000\040\000u\000i\000t\000v\000o\000e\000r\000e\000n\000\040\000o\000p\000\040\000d\000a\000t\000a\000f\000r\000a\000m\000e\000s}{section.5.5}% 106
\BOOKMARK [2][-]{subsection.5.5.3}{\376\377\000U\000s\000e\000r\000\040\000D\000e\000f\000i\000n\000e\000d\000\040\000F\000u\000n\000c\000t\000i\000o\000n\000s}{section.5.5}% 107
\BOOKMARK [1][-]{section.5.6}{\376\377\000O\000e\000f\000e\000n\000i\000n\000g\000e\000n\000\040\000o\000p\000\040\000S\000p\000a\000r\000k}{chapter.5}% 108
\BOOKMARK [2][-]{subsection.5.6.1}{\376\377\000I\000n\000v\000e\000r\000t\000e\000d\000\040\000I\000n\000d\000e\000x}{section.5.6}% 109
\BOOKMARK [2][-]{subsection.5.6.2}{\376\377\000F\000i\000r\000e\000\040\000D\000e\000p\000a\000r\000t\000m\000e\000n\000t}{section.5.6}% 110
\BOOKMARK [0][-]{chapter.6}{\376\377\000S\000p\000a\000r\000k\000\040\000S\000t\000r\000e\000a\000m\000i\000n\000g}{}% 111
\BOOKMARK [1][-]{section.6.1}{\376\377\000S\000t\000r\000e\000a\000m\000\040\000P\000r\000o\000c\000e\000s\000s\000i\000n\000g}{chapter.6}% 112
\BOOKMARK [2][-]{subsection.6.1.1}{\376\377\000S\000p\000a\000r\000k\000\040\000S\000t\000r\000e\000a\000m\000\040\000P\000r\000o\000c\000e\000s\000s\000i\000n\000g}{section.6.1}% 113
\BOOKMARK [2][-]{subsection.6.1.2}{\376\377\000O\000u\000t\000p\000u\000t\000m\000o\000d\000e\000s}{section.6.1}% 114
\BOOKMARK [1][-]{section.6.2}{\376\377\000C\000o\000d\000e}{chapter.6}% 115
\BOOKMARK [2][-]{subsection.6.2.1}{\376\377\000I\000n\000p\000u\000t\000b\000r\000o\000n\000\040\000b\000e\000p\000a\000l\000e\000n}{section.6.2}% 116
\BOOKMARK [2][-]{subsection.6.2.2}{\376\377\000D\000a\000t\000a\000\040\000o\000m\000z\000e\000t\000t\000e\000n}{section.6.2}% 117
\BOOKMARK [2][-]{subsection.6.2.3}{\376\377\000O\000u\000t\000p\000u\000t\000s\000i\000n\000k\000\040\000-\000e\000n\000\040\000m\000o\000d\000u\000s\000\040\000b\000e\000p\000a\000l\000e\000n}{section.6.2}% 118
\BOOKMARK [2][-]{subsection.6.2.4}{\376\377\000P\000r\000o\000c\000e\000s\000s\000i\000n\000g\000d\000e\000t\000a\000i\000l\000s\000\040\000b\000e\000p\000a\000l\000e\000n}{section.6.2}% 119
\BOOKMARK [2][-]{subsection.6.2.5}{\376\377\000Q\000u\000e\000r\000y\000\040\000s\000t\000a\000r\000t\000e\000n}{section.6.2}% 120
\BOOKMARK [1][-]{section.6.3}{\376\377\000S\000o\000u\000r\000c\000e\000s\000\040\000\046\000\040\000S\000i\000n\000k\000s}{chapter.6}% 121
\BOOKMARK [2][-]{subsection.6.3.1}{\376\377\000B\000e\000s\000t\000a\000n\000d\000e\000n\000\040\000l\000e\000z\000e\000n}{section.6.3}% 122
\BOOKMARK [2][-]{subsection.6.3.2}{\376\377\000K\000a\000f\000k\000a\000-\000i\000n\000h\000o\000u\000d\000\040\000l\000e\000z\000e\000n}{section.6.3}% 123
\BOOKMARK [1][-]{section.6.4}{\376\377\000A\000g\000g\000r\000e\000g\000a\000t\000i\000o\000n\000s\000\040\000w\000i\000t\000h\000\040\000E\000v\000e\000n\000t\000-\000T\000i\000m\000e\000\040\000w\000i\000n\000d\000o\000w\000s}{chapter.6}% 124
\BOOKMARK [2][-]{subsection.6.4.1}{\376\377\000W\000a\000t\000e\000r\000m\000a\000r\000k\000i\000n\000g}{section.6.4}% 125
\BOOKMARK [2][-]{subsection.6.4.2}{\376\377\000S\000t\000r\000e\000a\000m\000i\000n\000g\000\040\000j\000o\000i\000n\000s}{section.6.4}% 126
\BOOKMARK [2][-]{subsection.6.4.3}{\376\377\000S\000t\000r\000e\000a\000m\000-\000S\000t\000r\000e\000a\000m\000\040\000j\000o\000i\000n\000s}{section.6.4}% 127
\BOOKMARK [1][-]{section.6.5}{\376\377\000K\000e\000e\000p\000i\000n\000g\000\040\000t\000h\000e\000\040\000s\000t\000a\000t\000e\000\040\000b\000o\000u\000n\000d\000e\000d}{chapter.6}% 128
\BOOKMARK [1][-]{section.6.6}{\376\377\000V\000o\000o\000r\000b\000e\000e\000l\000d\000e\000n}{chapter.6}% 129
\BOOKMARK [2][-]{subsection.6.6.1}{\376\377\000K\000a\000f\000k\000a\000\040\000R\000e\000a\000d\000\040\000E\000x\000a\000m\000p\000l\000e}{section.6.6}% 130
\BOOKMARK [2][-]{subsection.6.6.2}{\376\377\000S\000t\000r\000u\000c\000t\000u\000r\000e\000d\000\040\000S\000t\000r\000e\000a\000m\000i\000n\000g\000\040\000E\000x\000a\000m\000p\000l\000e}{section.6.6}% 131
\BOOKMARK [1][-]{section.6.7}{\376\377\000O\000e\000f\000e\000n\000i\000n\000g\000e\000n}{chapter.6}% 132
\BOOKMARK [2][-]{subsection.6.7.1}{\376\377\000F\000i\000l\000t\000e\000r\000\040\000l\000o\000g\000\040\000m\000e\000s\000s\000a\000g\000e\000s}{section.6.7}% 133
\BOOKMARK [2][-]{subsection.6.7.2}{\376\377\000C\000o\000u\000n\000t\000\040\000l\000o\000g\000\040\000m\000e\000s\000s\000a\000g\000e\000s}{section.6.7}% 134
